* * * * * * * * * *
161691
* * * * * * * * * *
Tue Apr 23 04:20:29 2024       
+-----------------------------------------------------------------------------------------+
| NVIDIA-SMI 550.54.14              Driver Version: 550.54.14      CUDA Version: 12.4     |
|-----------------------------------------+------------------------+----------------------+
| GPU  Name                 Persistence-M | Bus-Id          Disp.A | Volatile Uncorr. ECC |
| Fan  Temp   Perf          Pwr:Usage/Cap |           Memory-Usage | GPU-Util  Compute M. |
|                                         |                        |               MIG M. |
|=========================================+========================+======================|
|   0  Tesla V100-PCIE-32GB           On  |   00000000:5E:00.0 Off |                    0 |
| N/A   25C    P0             25W /  250W |       0MiB /  32768MiB |      0%      Default |
|                                         |                        |                  N/A |
+-----------------------------------------+------------------------+----------------------+
|   1  Tesla V100-PCIE-32GB           On  |   00000000:86:00.0 Off |                    0 |
| N/A   25C    P0             24W /  250W |       0MiB /  32768MiB |      0%      Default |
|                                         |                        |                  N/A |
+-----------------------------------------+------------------------+----------------------+
                                                                                         
+-----------------------------------------------------------------------------------------+
| Processes:                                                                              |
|  GPU   GI   CI        PID   Type   Process name                              GPU Memory |
|        ID   ID                                                               Usage      |
|=========================================================================================|
|  No running processes found                                                             |
+-----------------------------------------------------------------------------------------+
[2024-04-23 04:20:34,106] torch.distributed.run: [WARNING] 
[2024-04-23 04:20:34,106] torch.distributed.run: [WARNING] *****************************************
[2024-04-23 04:20:34,106] torch.distributed.run: [WARNING] Setting OMP_NUM_THREADS environment variable for each process to be 1 in default, to avoid your system being overloaded, please further tune the variable for optimal performance in your application as needed. 
[2024-04-23 04:20:34,106] torch.distributed.run: [WARNING] *****************************************
/home/sriniana/anaconda3/envs/mic2/lib/python3.10/site-packages/monai/data/dataset.py:882: UserWarning: tqdm is not installed, will not show the caching progress bar.
  warnings.warn("tqdm is not installed, will not show the caching progress bar.")
libibverbs: Warning: couldn't load driver '/usr/lib/libibverbs/libmlx4-rdmav34.so': /usr/lib/libibverbs/libmlx4-rdmav34.so: cannot open shared object file: No such file or directory
libibverbs: Warning: couldn't load driver 'librxe-rdmav34.so': librxe-rdmav34.so: cannot open shared object file: No such file or directory
libibverbs: Warning: couldn't load driver '/usr/lib/libibverbs/libmlx4-rdmav34.so': /usr/lib/libibverbs/libmlx4-rdmav34.so: cannot open shared object file: No such file or directory
libibverbs: Warning: couldn't load driver 'librxe-rdmav34.so': librxe-rdmav34.so: cannot open shared object file: No such file or directory
time elapsed before training: 91.2374005317688
----------
epoch 1/100
1/13, train_loss: 1.3809, step time: 54.4703
2/13, train_loss: 1.3772, step time: 18.2687
3/13, train_loss: 1.3671, step time: 36.8984
4/13, train_loss: 1.3651, step time: 37.3762
5/13, train_loss: 1.3712, step time: 36.2491
slurmstepd: error: *** JOB 161691 ON c3-1 CANCELLED AT 2024-04-23T04:25:25 ***
